<?xml version="1.0" encoding="utf-8"?><testsuites name="pytest tests"><testsuite name="pytest" errors="0" failures="0" skipped="0" tests="0" time="5.532" timestamp="2025-09-27T15:21:25.726030+03:00" hostname="Tics-MacBook-Pro.local" /></testsuites>